[2017-06-02 15:12:57,176] INFO  main (TomcatClassLoader.java:52) - com.lami.foodie.utils.tomcat.classloader.TomcatClassLoader
[2017-06-02 15:12:57,179] INFO  main (TomcatClassLoader.java:53) - TomcatClassLoader.java
[2017-06-02 15:12:57,179] INFO  main (TomcatClassLoader.java:54) - 47
[2017-06-02 15:12:57,179] INFO  main (TomcatClassLoader.java:55) - test
[2017-06-02 15:12:57,179] INFO  main (TomcatClassLoader.java:56) - -------------第0级调用-------------------
[2017-06-02 15:12:57,179] INFO  main (TomcatClassLoader.java:52) - com.lami.foodie.utils.tomcat.classloader.TomcatClassLoader
[2017-06-02 15:12:57,179] INFO  main (TomcatClassLoader.java:53) - TomcatClassLoader.java
[2017-06-02 15:12:57,180] INFO  main (TomcatClassLoader.java:54) - 42
[2017-06-02 15:12:57,180] INFO  main (TomcatClassLoader.java:55) - main
[2017-06-02 15:12:57,180] INFO  main (TomcatClassLoader.java:56) - -------------第1级调用-------------------
[2017-06-02 15:12:57,180] INFO  main (TomcatClassLoader.java:52) - sun.reflect.NativeMethodAccessorImpl
[2017-06-02 15:12:57,180] INFO  main (TomcatClassLoader.java:53) - NativeMethodAccessorImpl.java
[2017-06-02 15:12:57,180] INFO  main (TomcatClassLoader.java:54) - -2
[2017-06-02 15:12:57,180] INFO  main (TomcatClassLoader.java:55) - invoke0
[2017-06-02 15:12:57,180] INFO  main (TomcatClassLoader.java:56) - -------------第2级调用-------------------
[2017-06-02 15:12:57,181] INFO  main (TomcatClassLoader.java:52) - sun.reflect.NativeMethodAccessorImpl
[2017-06-02 15:12:57,181] INFO  main (TomcatClassLoader.java:53) - NativeMethodAccessorImpl.java
[2017-06-02 15:12:57,181] INFO  main (TomcatClassLoader.java:54) - 62
[2017-06-02 15:12:57,181] INFO  main (TomcatClassLoader.java:55) - invoke
[2017-06-02 15:12:57,181] INFO  main (TomcatClassLoader.java:56) - -------------第3级调用-------------------
[2017-06-02 15:12:57,181] INFO  main (TomcatClassLoader.java:52) - sun.reflect.DelegatingMethodAccessorImpl
[2017-06-02 15:12:57,181] INFO  main (TomcatClassLoader.java:53) - DelegatingMethodAccessorImpl.java
[2017-06-02 15:12:57,181] INFO  main (TomcatClassLoader.java:54) - 43
[2017-06-02 15:12:57,182] INFO  main (TomcatClassLoader.java:55) - invoke
[2017-06-02 15:12:57,182] INFO  main (TomcatClassLoader.java:56) - -------------第4级调用-------------------
[2017-06-02 15:12:57,182] INFO  main (TomcatClassLoader.java:52) - java.lang.reflect.Method
[2017-06-02 15:12:57,182] INFO  main (TomcatClassLoader.java:53) - Method.java
[2017-06-02 15:12:57,182] INFO  main (TomcatClassLoader.java:54) - 498
[2017-06-02 15:12:57,182] INFO  main (TomcatClassLoader.java:55) - invoke
[2017-06-02 15:12:57,182] INFO  main (TomcatClassLoader.java:56) - -------------第5级调用-------------------
[2017-06-02 15:12:57,182] INFO  main (TomcatClassLoader.java:52) - com.intellij.rt.execution.application.AppMain
[2017-06-02 15:12:57,182] INFO  main (TomcatClassLoader.java:53) - AppMain.java
[2017-06-02 15:12:57,182] INFO  main (TomcatClassLoader.java:54) - 140
[2017-06-02 15:12:57,183] INFO  main (TomcatClassLoader.java:55) - main
[2017-06-02 15:12:57,183] INFO  main (TomcatClassLoader.java:56) - -------------第6级调用-------------------
[2017-06-02 15:15:34,329] INFO  main (TomcatClassLoader.java:53) - com.lami.foodie.utils.tomcat.classloader.TomcatClassLoader
[2017-06-02 15:15:34,331] INFO  main (TomcatClassLoader.java:54) - TomcatClassLoader.java
[2017-06-02 15:15:34,331] INFO  main (TomcatClassLoader.java:55) - 48
[2017-06-02 15:15:34,331] INFO  main (TomcatClassLoader.java:56) - test
[2017-06-02 15:15:34,331] INFO  main (TomcatClassLoader.java:57) - -------------第0级调用-------------------
[2017-06-02 15:15:34,331] INFO  main (TomcatClassLoader.java:53) - com.lami.foodie.utils.tomcat.classloader.TomcatClassLoader
[2017-06-02 15:15:34,331] INFO  main (TomcatClassLoader.java:54) - TomcatClassLoader.java
[2017-06-02 15:15:34,331] INFO  main (TomcatClassLoader.java:55) - 42
[2017-06-02 15:15:34,332] INFO  main (TomcatClassLoader.java:56) - main
[2017-06-02 15:15:34,332] INFO  main (TomcatClassLoader.java:57) - -------------第1级调用-------------------
[2017-06-02 15:15:34,332] INFO  main (TomcatClassLoader.java:53) - sun.reflect.NativeMethodAccessorImpl
[2017-06-02 15:15:34,332] INFO  main (TomcatClassLoader.java:54) - NativeMethodAccessorImpl.java
[2017-06-02 15:15:34,332] INFO  main (TomcatClassLoader.java:55) - -2
[2017-06-02 15:15:34,332] INFO  main (TomcatClassLoader.java:56) - invoke0
[2017-06-02 15:15:34,332] INFO  main (TomcatClassLoader.java:57) - -------------第2级调用-------------------
[2017-06-02 15:15:34,332] INFO  main (TomcatClassLoader.java:53) - sun.reflect.NativeMethodAccessorImpl
[2017-06-02 15:15:34,333] INFO  main (TomcatClassLoader.java:54) - NativeMethodAccessorImpl.java
[2017-06-02 15:15:34,333] INFO  main (TomcatClassLoader.java:55) - 62
[2017-06-02 15:15:34,333] INFO  main (TomcatClassLoader.java:56) - invoke
[2017-06-02 15:15:34,333] INFO  main (TomcatClassLoader.java:57) - -------------第3级调用-------------------
[2017-06-02 15:15:34,333] INFO  main (TomcatClassLoader.java:53) - sun.reflect.DelegatingMethodAccessorImpl
[2017-06-02 15:15:34,333] INFO  main (TomcatClassLoader.java:54) - DelegatingMethodAccessorImpl.java
[2017-06-02 15:15:34,333] INFO  main (TomcatClassLoader.java:55) - 43
[2017-06-02 15:15:34,334] INFO  main (TomcatClassLoader.java:56) - invoke
[2017-06-02 15:15:34,334] INFO  main (TomcatClassLoader.java:57) - -------------第4级调用-------------------
[2017-06-02 15:15:34,334] INFO  main (TomcatClassLoader.java:53) - java.lang.reflect.Method
[2017-06-02 15:15:34,334] INFO  main (TomcatClassLoader.java:54) - Method.java
[2017-06-02 15:15:34,334] INFO  main (TomcatClassLoader.java:55) - 498
[2017-06-02 15:15:34,334] INFO  main (TomcatClassLoader.java:56) - invoke
[2017-06-02 15:15:34,334] INFO  main (TomcatClassLoader.java:57) - -------------第5级调用-------------------
[2017-06-02 15:15:34,334] INFO  main (TomcatClassLoader.java:53) - com.intellij.rt.execution.application.AppMain
[2017-06-02 15:15:34,334] INFO  main (TomcatClassLoader.java:54) - AppMain.java
[2017-06-02 15:15:34,335] INFO  main (TomcatClassLoader.java:55) - 140
[2017-06-02 15:15:34,335] INFO  main (TomcatClassLoader.java:56) - main
[2017-06-02 15:15:34,335] INFO  main (TomcatClassLoader.java:57) - -------------第6级调用-------------------
